{
  "stats": {
    "suites": 1,
    "tests": 3,
    "passes": 3,
    "pending": 0,
    "failures": 0,
    "start": "2026-05-06T15:56:44.389Z",
    "end": "2026-05-06T15:56:47.952Z",
    "duration": 3563,
    "testsRegistered": 3,
    "passPercent": 100,
    "pendingPercent": 0,
    "other": 0,
    "hasOther": false,
    "skipped": 0,
    "hasSkipped": false
  },
  "results": [
    {
      "uuid": "f0f9e440-7f6e-46b3-af2d-9243a0caab8c",
      "title": "",
      "fullFile": "cypress\\e2e\\employees.cy.js",
      "file": "cypress\\e2e\\employees.cy.js",
      "beforeHooks": [],
      "afterHooks": [],
      "tests": [],
      "suites": [
        {
          "uuid": "b2234b09-fb7c-4bb7-a981-edc445d45b68",
          "title": "Employees API",
          "fullFile": "",
          "file": "",
          "beforeHooks": [],
          "afterHooks": [],
          "tests": [
            {
              "title": "GET /employees - should return 200 and array of employees",
              "fullTitle": "Employees API GET /employees - should return 200 and array of employees",
              "timedOut": null,
              "duration": 1881,
              "state": "passed",
              "speed": "fast",
              "pass": true,
              "fail": false,
              "pending": false,
              "context": null,
              "code": "cy.request('GET', `${baseUrl}/employees`).then(response => {\n  expect(response.status).to.eq(200);\n  expect(response.body).to.be.an('array');\n  expect(response.body.length).to.be.greaterThan(0);\n  expect(response.body[0]).to.have.property('EmployeeID');\n  expect(response.body[0]).to.have.property('FirstName');\n  expect(response.body[0]).to.have.property('LastName');\n});",
              "err": {},
              "uuid": "7d06f655-bc08-4230-a23f-95effd268e8a",
              "parentUUID": "b2234b09-fb7c-4bb7-a981-edc445d45b68",
              "isHook": false,
              "skipped": false
            },
            {
              "title": "GET /employees/:id - should return correct employee",
              "fullTitle": "Employees API GET /employees/:id - should return correct employee",
              "timedOut": null,
              "duration": 1521,
              "state": "passed",
              "speed": "fast",
              "pass": true,
              "fail": false,
              "pending": false,
              "context": null,
              "code": "cy.request('GET', `${baseUrl}/employees/1`).then(response => {\n  expect(response.status).to.eq(200);\n  expect(response.body).to.be.an('object');\n  expect(response.body.EmployeeID).to.eq(1);\n  expect(response.body).to.have.property('FirstName');\n  expect(response.body).to.have.property('LastName');\n});",
              "err": {},
              "uuid": "e76172f4-4ba6-4d00-a312-61a35031af7f",
              "parentUUID": "b2234b09-fb7c-4bb7-a981-edc445d45b68",
              "isHook": false,
              "skipped": false
            },
            {
              "title": "GET /employees/:id - should return 404 for invalid ID",
              "fullTitle": "Employees API GET /employees/:id - should return 404 for invalid ID",
              "timedOut": null,
              "duration": 55,
              "state": "passed",
              "speed": "fast",
              "pass": true,
              "fail": false,
              "pending": false,
              "context": null,
              "code": "cy.request({\n  method: 'GET',\n  url: `${baseUrl}/employees/9999`,\n  failOnStatusCode: false\n}).then(response => {\n  expect(response.status).to.eq(404);\n  expect(response.body.error).to.eq('Employee not found');\n});",
              "err": {},
              "uuid": "c8772526-b9af-490b-b843-426e90ead8bc",
              "parentUUID": "b2234b09-fb7c-4bb7-a981-edc445d45b68",
              "isHook": false,
              "skipped": false
            }
          ],
          "suites": [],
          "passes": [
            "7d06f655-bc08-4230-a23f-95effd268e8a",
            "e76172f4-4ba6-4d00-a312-61a35031af7f",
            "c8772526-b9af-490b-b843-426e90ead8bc"
          ],
          "failures": [],
          "pending": [],
          "skipped": [],
          "duration": 3457,
          "root": false,
          "rootEmpty": false,
          "_timeout": 2000
        }
      ],
      "passes": [],
      "failures": [],
      "pending": [],
      "skipped": [],
      "duration": 0,
      "root": true,
      "rootEmpty": true,
      "_timeout": 2000
    }
  ],
  "meta": {
    "mocha": {
      "version": "7.2.0"
    },
    "mochawesome": {
      "options": {
        "quiet": false,
        "reportFilename": "mochawesome",
        "saveHtml": true,
        "saveJson": true,
        "consoleReporter": "spec",
        "useInlineDiffs": false,
        "code": true
      },
      "version": "7.1.4"
    },
    "marge": {
      "options": {
        "reportDir": "docs/cypress/cypress-report",
        "overwrite": false,
        "html": true,
        "json": true
      },
      "version": "6.3.2"
    }
  }
}