{
  "stats": {
    "suites": 1,
    "tests": 7,
    "passes": 7,
    "pending": 0,
    "failures": 0,
    "start": "2026-05-06T15:56:40.484Z",
    "end": "2026-05-06T15:56:41.097Z",
    "duration": 613,
    "testsRegistered": 7,
    "passPercent": 100,
    "pendingPercent": 0,
    "other": 0,
    "hasOther": false,
    "skipped": 0,
    "hasSkipped": false
  },
  "results": [
    {
      "uuid": "22612ef4-2d0d-4f70-a1b6-3d5da1f60103",
      "title": "",
      "fullFile": "cypress\\e2e\\customers.cy.js",
      "file": "cypress\\e2e\\customers.cy.js",
      "beforeHooks": [],
      "afterHooks": [],
      "tests": [],
      "suites": [
        {
          "uuid": "f38617da-77fe-4d02-bfa8-4c40811b6a24",
          "title": "Customers API",
          "fullFile": "",
          "file": "",
          "beforeHooks": [],
          "afterHooks": [],
          "tests": [
            {
              "title": "GET /customers - should return 200 and array of customers",
              "fullTitle": "Customers API GET /customers - should return 200 and array of customers",
              "timedOut": null,
              "duration": 135,
              "state": "passed",
              "speed": "fast",
              "pass": true,
              "fail": false,
              "pending": false,
              "context": null,
              "code": "cy.request('GET', `${baseUrl}/customers`).then(response => {\n  expect(response.status).to.eq(200);\n  expect(response.body).to.be.an('array');\n  expect(response.body.length).to.eq(91);\n  expect(response.body[0]).to.have.property('CustomerID');\n  expect(response.body[0]).to.have.property('CompanyName');\n});",
              "err": {},
              "uuid": "7ead15a6-8b06-43d4-8e47-9bba0cd5424a",
              "parentUUID": "f38617da-77fe-4d02-bfa8-4c40811b6a24",
              "isHook": false,
              "skipped": false
            },
            {
              "title": "GET /customers/:id - should return correct customer",
              "fullTitle": "Customers API GET /customers/:id - should return correct customer",
              "timedOut": null,
              "duration": 50,
              "state": "passed",
              "speed": "fast",
              "pass": true,
              "fail": false,
              "pending": false,
              "context": null,
              "code": "cy.request('GET', `${baseUrl}/customers/ALFKI`).then(response => {\n  expect(response.status).to.eq(200);\n  expect(response.body).to.be.an('object');\n  expect(response.body.CustomerID).to.eq('ALFKI');\n  expect(response.body.CompanyName).to.eq('Alfreds Futterkiste');\n});",
              "err": {},
              "uuid": "ffcce14e-55a5-447d-a9f0-e35fd5470160",
              "parentUUID": "f38617da-77fe-4d02-bfa8-4c40811b6a24",
              "isHook": false,
              "skipped": false
            },
            {
              "title": "GET /customers/:id - should return 404 for invalid ID",
              "fullTitle": "Customers API GET /customers/:id - should return 404 for invalid ID",
              "timedOut": null,
              "duration": 46,
              "state": "passed",
              "speed": "fast",
              "pass": true,
              "fail": false,
              "pending": false,
              "context": null,
              "code": "cy.request({\n  method: 'GET',\n  url: `${baseUrl}/customers/XXXXX`,\n  failOnStatusCode: false\n}).then(response => {\n  expect(response.status).to.eq(404);\n  expect(response.body.error).to.eq('Customer not found');\n});",
              "err": {},
              "uuid": "6879bf9f-de17-4ebe-bd53-35d1f19e8507",
              "parentUUID": "f38617da-77fe-4d02-bfa8-4c40811b6a24",
              "isHook": false,
              "skipped": false
            },
            {
              "title": "POST /customers - should create a new customer",
              "fullTitle": "Customers API POST /customers - should create a new customer",
              "timedOut": null,
              "duration": 43,
              "state": "passed",
              "speed": "fast",
              "pass": true,
              "fail": false,
              "pending": false,
              "context": null,
              "code": "cy.request('POST', `${baseUrl}/customers`, {\n  CustomerID: 'TESTE',\n  CompanyName: 'Miguel QA Company',\n  ContactName: 'Miguel Guedes',\n  ContactTitle: 'QA Engineer',\n  City: 'Porto',\n  Country: 'Portugal'\n}).then(response => {\n  expect(response.status).to.eq(201);\n  expect(response.body.message).to.eq('Customer created successfully');\n});",
              "err": {},
              "uuid": "9eff6d5a-7745-4fca-aa28-e1a936a99506",
              "parentUUID": "f38617da-77fe-4d02-bfa8-4c40811b6a24",
              "isHook": false,
              "skipped": false
            },
            {
              "title": "PUT /customers/:id - should update customer",
              "fullTitle": "Customers API PUT /customers/:id - should update customer",
              "timedOut": null,
              "duration": 47,
              "state": "passed",
              "speed": "fast",
              "pass": true,
              "fail": false,
              "pending": false,
              "context": null,
              "code": "cy.request('PUT', `${baseUrl}/customers/TESTE`, {\n  CompanyName: 'Miguel QA Company Updated',\n  ContactName: 'Miguel Guedes',\n  ContactTitle: 'Senior QA Engineer',\n  City: 'Lisboa',\n  Country: 'Portugal'\n}).then(response => {\n  expect(response.status).to.eq(200);\n  expect(response.body.message).to.eq('Customer updated successfully');\n});",
              "err": {},
              "uuid": "1287db09-59d1-4e5b-b5a0-b6799d18939f",
              "parentUUID": "f38617da-77fe-4d02-bfa8-4c40811b6a24",
              "isHook": false,
              "skipped": false
            },
            {
              "title": "DELETE /customers/:id - should delete customer",
              "fullTitle": "Customers API DELETE /customers/:id - should delete customer",
              "timedOut": null,
              "duration": 47,
              "state": "passed",
              "speed": "fast",
              "pass": true,
              "fail": false,
              "pending": false,
              "context": null,
              "code": "cy.request('DELETE', `${baseUrl}/customers/TESTE`).then(response => {\n  expect(response.status).to.eq(200);\n  expect(response.body.message).to.eq('Customer deleted successfully');\n});",
              "err": {},
              "uuid": "e6544c2a-ce6c-462a-bc71-f808798bce91",
              "parentUUID": "f38617da-77fe-4d02-bfa8-4c40811b6a24",
              "isHook": false,
              "skipped": false
            },
            {
              "title": "DELETE /customers/:id - should return 404 for invalid ID",
              "fullTitle": "Customers API DELETE /customers/:id - should return 404 for invalid ID",
              "timedOut": null,
              "duration": 43,
              "state": "passed",
              "speed": "fast",
              "pass": true,
              "fail": false,
              "pending": false,
              "context": null,
              "code": "cy.request({\n  method: 'DELETE',\n  url: `${baseUrl}/customers/XXXXX`,\n  failOnStatusCode: false\n}).then(response => {\n  expect(response.status).to.eq(404);\n  expect(response.body.error).to.eq('Customer not found');\n});",
              "err": {},
              "uuid": "2ce8993b-a439-4238-8cb2-4afedc654aca",
              "parentUUID": "f38617da-77fe-4d02-bfa8-4c40811b6a24",
              "isHook": false,
              "skipped": false
            }
          ],
          "suites": [],
          "passes": [
            "7ead15a6-8b06-43d4-8e47-9bba0cd5424a",
            "ffcce14e-55a5-447d-a9f0-e35fd5470160",
            "6879bf9f-de17-4ebe-bd53-35d1f19e8507",
            "9eff6d5a-7745-4fca-aa28-e1a936a99506",
            "1287db09-59d1-4e5b-b5a0-b6799d18939f",
            "e6544c2a-ce6c-462a-bc71-f808798bce91",
            "2ce8993b-a439-4238-8cb2-4afedc654aca"
          ],
          "failures": [],
          "pending": [],
          "skipped": [],
          "duration": 411,
          "root": false,
          "rootEmpty": false,
          "_timeout": 2000
        }
      ],
      "passes": [],
      "failures": [],
      "pending": [],
      "skipped": [],
      "duration": 0,
      "root": true,
      "rootEmpty": true,
      "_timeout": 2000
    }
  ],
  "meta": {
    "mocha": {
      "version": "7.2.0"
    },
    "mochawesome": {
      "options": {
        "quiet": false,
        "reportFilename": "mochawesome",
        "saveHtml": true,
        "saveJson": true,
        "consoleReporter": "spec",
        "useInlineDiffs": false,
        "code": true
      },
      "version": "7.1.4"
    },
    "marge": {
      "options": {
        "reportDir": "docs/cypress/cypress-report",
        "overwrite": false,
        "html": true,
        "json": true
      },
      "version": "6.3.2"
    }
  }
}